########### array before sorts ###########
0	2.377000	0.000000	80.807000	0.000000	n
1	80.807000	0.000000	83.184000	-2.377000	n
2	83.184000	-2.377000	202.017425	-2.377000	n
3	202.017425	-2.377000	204.394425	0.000000	n
4	204.394425	0.000000	282.825000	0.000000	n
5	282.825000	0.000000	285.589231	1.703835	n
6	285.589231	1.703835	285.258611	1.091112	n
7	285.258611	1.091112	284.780673	0.584838	n
8	284.780673	0.584838	284.187987	0.219514	n
9	284.187987	0.219514	283.520943	0.020036	n
10	283.520943	0.020036	285.750000	2.381250	n
11	285.750000	2.381250	285.750000	91.678125	n
12	285.750000	91.678125	285.628291	92.602594	n
13	285.628291	92.602594	285.271459	93.464062	n
14	285.271459	93.464062	284.703822	94.203822	n
15	284.703822	94.203822	283.964063	94.771459	n
16	283.964063	94.771459	283.102594	95.128291	n
17	283.102594	95.128291	282.178125	95.250000	n
18	282.178125	95.250000	273.843750	95.250000	n
19	273.843750	95.250000	273.549405	95.257977	n
20	273.549405	95.257977	273.267154	95.341865	n
21	273.267154	95.341865	273.016232	95.495946	n
22	273.016232	95.495946	272.813740	95.709721	n
23	272.813740	95.709721	272.673476	95.968620	n
24	272.673476	95.968620	272.605000	96.255000	n
25	272.605000	96.255000	272.605000	102.697000	n
26	272.605000	102.697000	272.564520	103.004477	n
27	272.564520	103.004477	272.445838	103.291000	n
28	272.445838	103.291000	272.257043	103.537043	n
29	272.257043	103.537043	272.011000	103.725838	n
30	272.011000	103.725838	271.724477	103.844520	n
31	271.724477	103.844520	271.417000	103.885000	n
32	271.417000	103.885000	261.910000	103.885000	n
33	261.910000	103.885000	261.602523	103.844520	n
34	261.602523	103.844520	261.316000	103.725838	n
35	261.316000	103.725838	261.069957	103.537043	n
36	261.069957	103.537043	260.881162	103.291000	n
37	260.881162	103.291000	260.762480	103.004477	n
38	260.762480	103.004477	260.722000	102.697000	n
39	260.722000	102.697000	260.722000	96.255000	n
40	260.722000	96.255000	260.662823	95.975755	n
41	260.662823	95.975755	260.533389	95.721342	n
42	260.533389	95.721342	260.342517	95.509098	n
43	260.342517	95.509098	260.103217	95.353486	n
44	260.103217	95.353486	259.831796	95.265113	n
45	259.831796	95.265113	259.546750	95.250000	n
46	259.546750	95.250000	2.390750	95.250000	n
47	2.390750	95.250000	1.752959	95.143752	n
48	1.752959	95.143752	1.164400	94.876051	n
49	1.164400	94.876051	0.665181	94.465141	n
50	0.665181	94.465141	0.289324	93.939025	n
51	0.289324	93.939025	0.062443	93.333558	n
52	0.062443	93.333558	0.000000	92.690000	n
53	0.000000	92.690000	0.000000	2.377000	n
54	0.000000	2.377000	0.080994	1.761787	n
55	0.080994	1.761787	0.318458	1.188500	n
56	0.318458	1.188500	0.696207	0.696207	n
57	0.696207	0.696207	1.188500	0.318458	n
58	1.188500	0.318458	1.761787	0.080994	n
59	1.761787	0.080994	2.377000	0.000000	n
Tolerance=0.050000.
*Exact match for i=0 and j=1.
*i point 2.377000	0.000000	80.807000	0.000000	y
*Exact match for i=1 and j=2.
*i point 80.807000	0.000000	83.184000	-2.377000	y
*Exact match for i=2 and j=3.
*i point 83.184000	-2.377000	202.017425	-2.377000	y
*Exact match for i=3 and j=4.
*i point 202.017425	-2.377000	204.394425	0.000000	y
*Exact match for i=4 and j=5.
*i point 204.394425	0.000000	282.825000	0.000000	y
*Exact match for i=5 and j=6.
*i point 282.825000	0.000000	285.589231	1.703835	y
*Exact match for i=6 and j=7.
*i point 285.589231	1.703835	285.258611	1.091112	y
*Exact match for i=7 and j=8.
*i point 285.258611	1.091112	284.780673	0.584838	y
*Exact match for i=8 and j=9.
*i point 284.780673	0.584838	284.187987	0.219514	y
*Exact match for i=9 and j=10.
*i point 284.187987	0.219514	283.520943	0.020036	y
*Exact match for i=10 and j=11.
*i point 283.520943	0.020036	285.750000	2.381250	y
*Exact match for i=11 and j=12.
*i point 285.750000	2.381250	285.750000	91.678125	y
*Exact match for i=12 and j=13.
*i point 285.750000	91.678125	285.628291	92.602594	y
*Exact match for i=13 and j=14.
*i point 285.628291	92.602594	285.271459	93.464062	y
*Exact match for i=14 and j=15.
*i point 285.271459	93.464062	284.703822	94.203822	y
*Exact match for i=15 and j=16.
*i point 284.703822	94.203822	283.964063	94.771459	y
*Exact match for i=16 and j=17.
*i point 283.964063	94.771459	283.102594	95.128291	y
*Exact match for i=17 and j=18.
*i point 283.102594	95.128291	282.178125	95.250000	y
*Exact match for i=18 and j=19.
*i point 282.178125	95.250000	273.843750	95.250000	y
*Exact match for i=19 and j=20.
*i point 273.843750	95.250000	273.549405	95.257977	y
*Exact match for i=20 and j=21.
*i point 273.549405	95.257977	273.267154	95.341865	y
*Exact match for i=21 and j=22.
*i point 273.267154	95.341865	273.016232	95.495946	y
*Exact match for i=22 and j=23.
*i point 273.016232	95.495946	272.813740	95.709721	y
*Exact match for i=23 and j=24.
*i point 272.813740	95.709721	272.673476	95.968620	y
*Exact match for i=24 and j=25.
*i point 272.673476	95.968620	272.605000	96.255000	y
*Exact match for i=25 and j=26.
*i point 272.605000	96.255000	272.605000	102.697000	y
*Exact match for i=26 and j=27.
*i point 272.605000	102.697000	272.564520	103.004477	y
*Exact match for i=27 and j=28.
*i point 272.564520	103.004477	272.445838	103.291000	y
*Exact match for i=28 and j=29.
*i point 272.445838	103.291000	272.257043	103.537043	y
*Exact match for i=29 and j=30.
*i point 272.257043	103.537043	272.011000	103.725838	y
*Exact match for i=30 and j=31.
*i point 272.011000	103.725838	271.724477	103.844520	y
*Exact match for i=31 and j=32.
*i point 271.724477	103.844520	271.417000	103.885000	y
*Exact match for i=32 and j=33.
*i point 271.417000	103.885000	261.910000	103.885000	y
*Exact match for i=33 and j=34.
*i point 261.910000	103.885000	261.602523	103.844520	y
*Exact match for i=34 and j=35.
*i point 261.602523	103.844520	261.316000	103.725838	y
*Exact match for i=35 and j=36.
*i point 261.316000	103.725838	261.069957	103.537043	y
*Exact match for i=36 and j=37.
*i point 261.069957	103.537043	260.881162	103.291000	y
*Exact match for i=37 and j=38.
*i point 260.881162	103.291000	260.762480	103.004477	y
*Exact match for i=38 and j=39.
*i point 260.762480	103.004477	260.722000	102.697000	y
*Exact match for i=39 and j=40.
*i point 260.722000	102.697000	260.722000	96.255000	y
*Exact match for i=40 and j=41.
*i point 260.722000	96.255000	260.662823	95.975755	y
*Exact match for i=41 and j=42.
*i point 260.662823	95.975755	260.533389	95.721342	y
*Exact match for i=42 and j=43.
*i point 260.533389	95.721342	260.342517	95.509098	y
*Exact match for i=43 and j=44.
*i point 260.342517	95.509098	260.103217	95.353486	y
*Exact match for i=44 and j=45.
*i point 260.103217	95.353486	259.831796	95.265113	y
*Exact match for i=45 and j=46.
*i point 259.831796	95.265113	259.546750	95.250000	y
*Exact match for i=46 and j=47.
*i point 259.546750	95.250000	2.390750	95.250000	y
*Exact match for i=47 and j=48.
*i point 2.390750	95.250000	1.752959	95.143752	y
*Exact match for i=48 and j=49.
*i point 1.752959	95.143752	1.164400	94.876051	y
*Exact match for i=49 and j=50.
*i point 1.164400	94.876051	0.665181	94.465141	y
*Exact match for i=50 and j=51.
*i point 0.665181	94.465141	0.289324	93.939025	y
*Exact match for i=51 and j=52.
*i point 0.289324	93.939025	0.062443	93.333558	y
*Exact match for i=52 and j=53.
*i point 0.062443	93.333558	0.000000	92.690000	y
*Exact match for i=53 and j=54.
*i point 0.000000	92.690000	0.000000	2.377000	y
*Exact match for i=54 and j=55.
*i point 0.000000	2.377000	0.080994	1.761787	y
*Exact match for i=55 and j=56.
*i point 0.080994	1.761787	0.318458	1.188500	y
*Exact match for i=56 and j=57.
*i point 0.318458	1.188500	0.696207	0.696207	y
*Exact match for i=57 and j=58.
*i point 0.696207	0.696207	1.188500	0.318458	y
*Exact match for i=58 and j=59.
*i point 1.188500	0.318458	1.761787	0.080994	y
########### array after sorts ###########
0	2.377000	0.000000	80.807000	0.000000	y
1	80.807000	0.000000	83.184000	-2.377000	y
2	83.184000	-2.377000	202.017425	-2.377000	y
3	202.017425	-2.377000	204.394425	0.000000	y
4	204.394425	0.000000	282.825000	0.000000	y
5	282.825000	0.000000	285.589231	1.703835	y
6	285.589231	1.703835	285.258611	1.091112	y
7	285.258611	1.091112	284.780673	0.584838	y
8	284.780673	0.584838	284.187987	0.219514	y
9	284.187987	0.219514	283.520943	0.020036	y
10	283.520943	0.020036	285.750000	2.381250	y
11	285.750000	2.381250	285.750000	91.678125	y
12	285.750000	91.678125	285.628291	92.602594	y
13	285.628291	92.602594	285.271459	93.464062	y
14	285.271459	93.464062	284.703822	94.203822	y
15	284.703822	94.203822	283.964063	94.771459	y
16	283.964063	94.771459	283.102594	95.128291	y
17	283.102594	95.128291	282.178125	95.250000	y
18	282.178125	95.250000	273.843750	95.250000	y
19	273.843750	95.250000	273.549405	95.257977	y
20	273.549405	95.257977	273.267154	95.341865	y
21	273.267154	95.341865	273.016232	95.495946	y
22	273.016232	95.495946	272.813740	95.709721	y
23	272.813740	95.709721	272.673476	95.968620	y
24	272.673476	95.968620	272.605000	96.255000	y
25	272.605000	96.255000	272.605000	102.697000	y
26	272.605000	102.697000	272.564520	103.004477	y
27	272.564520	103.004477	272.445838	103.291000	y
28	272.445838	103.291000	272.257043	103.537043	y
29	272.257043	103.537043	272.011000	103.725838	y
30	272.011000	103.725838	271.724477	103.844520	y
31	271.724477	103.844520	271.417000	103.885000	y
32	271.417000	103.885000	261.910000	103.885000	y
33	261.910000	103.885000	261.602523	103.844520	y
34	261.602523	103.844520	261.316000	103.725838	y
35	261.316000	103.725838	261.069957	103.537043	y
36	261.069957	103.537043	260.881162	103.291000	y
37	260.881162	103.291000	260.762480	103.004477	y
38	260.762480	103.004477	260.722000	102.697000	y
39	260.722000	102.697000	260.722000	96.255000	y
40	260.722000	96.255000	260.662823	95.975755	y
41	260.662823	95.975755	260.533389	95.721342	y
42	260.533389	95.721342	260.342517	95.509098	y
43	260.342517	95.509098	260.103217	95.353486	y
44	260.103217	95.353486	259.831796	95.265113	y
45	259.831796	95.265113	259.546750	95.250000	y
46	259.546750	95.250000	2.390750	95.250000	y
47	2.390750	95.250000	1.752959	95.143752	y
48	1.752959	95.143752	1.164400	94.876051	y
49	1.164400	94.876051	0.665181	94.465141	y
50	0.665181	94.465141	0.289324	93.939025	y
51	0.289324	93.939025	0.062443	93.333558	y
52	0.062443	93.333558	0.000000	92.690000	y
53	0.000000	92.690000	0.000000	2.377000	y
54	0.000000	2.377000	0.080994	1.761787	y
55	0.080994	1.761787	0.318458	1.188500	y
56	0.318458	1.188500	0.696207	0.696207	y
57	0.696207	0.696207	1.188500	0.318458	y
58	1.188500	0.318458	1.761787	0.080994	y
59	1.761787	0.080994	2.377000	0.000000	y
***************
.BOARD_OUTLINE UNOWNED
1.6
0     2.377000     0.000000     0
0     80.807000     0.000000     0
0     83.184000     -2.377000     0
0     202.017425     -2.377000     0
0     204.394425     0.000000     0
0     282.825000     0.000000     0
0     285.589231     1.703835     0
0     285.258611     1.091112     0
0     284.780673     0.584838     0
0     284.187987     0.219514     0
0     283.520943     0.020036     0
0     285.750000     2.381250     0
0     285.750000     91.678125     0
0     285.628291     92.602594     0
0     285.271459     93.464062     0
0     284.703822     94.203822     0
0     283.964063     94.771459     0
0     283.102594     95.128291     0
0     282.178125     95.250000     0
0     273.843750     95.250000     0
0     273.549405     95.257977     0
0     273.267154     95.341865     0
0     273.016232     95.495946     0
0     272.813740     95.709721     0
0     272.673476     95.968620     0
0     272.605000     96.255000     0
0     272.605000     102.697000     0
0     272.564520     103.004477     0
0     272.445838     103.291000     0
0     272.257043     103.537043     0
0     272.011000     103.725838     0
0     271.724477     103.844520     0
0     271.417000     103.885000     0
0     261.910000     103.885000     0
0     261.602523     103.844520     0
0     261.316000     103.725838     0
0     261.069957     103.537043     0
0     260.881162     103.291000     0
0     260.762480     103.004477     0
0     260.722000     102.697000     0
0     260.722000     96.255000     0
0     260.662823     95.975755     0
0     260.533389     95.721342     0
0     260.342517     95.509098     0
0     260.103217     95.353486     0
0     259.831796     95.265113     0
0     259.546750     95.250000     0
0     2.390750     95.250000     0
0     1.752959     95.143752     0
0     1.164400     94.876051     0
0     0.665181     94.465141     0
0     0.289324     93.939025     0
0     0.062443     93.333558     0
0     0.000000     92.690000     0
0     0.000000     2.377000     0
0     0.080994     1.761787     0
0     0.318458     1.188500     0
0     0.696207     0.696207     0
0     1.188500     0.318458     0
0     1.761787     0.080994     0
0     2.377000     0.000000     0
